Determining if the pthread_create exist failed with the following output:
Change Dir: /home/user/Documents/Cpp Assignment/Set1/Color/CMakeFiles/CMakeTmp

Run Build Command:"/usr/bin/make" "cmTC_6f3ea/fast"
/usr/bin/make -f CMakeFiles/cmTC_6f3ea.dir/build.make CMakeFiles/cmTC_6f3ea.dir/build
make[1]: Entering directory '/home/user/Documents/Cpp Assignment/Set1/Color/CMakeFiles/CMakeTmp'
Building C object CMakeFiles/cmTC_6f3ea.dir/CheckSymbolExists.c.o
/usr/bin/cc    -o CMakeFiles/cmTC_6f3ea.dir/CheckSymbolExists.c.o   -c "/home/user/Documents/Cpp Assignment/Set1/Color/CMakeFiles/CMakeTmp/CheckSymbolExists.c"
Linking C executable cmTC_6f3ea
/usr/bin/cmake -E cmake_link_script CMakeFiles/cmTC_6f3ea.dir/link.txt --verbose=1
/usr/bin/cc      -rdynamic CMakeFiles/cmTC_6f3ea.dir/CheckSymbolExists.c.o  -o cmTC_6f3ea 
CMakeFiles/cmTC_6f3ea.dir/CheckSymbolExists.c.o: In function `main':
CheckSymbolExists.c:(.text+0x1b): undefined reference to `pthread_create'
collect2: error: ld returned 1 exit status
CMakeFiles/cmTC_6f3ea.dir/build.make:97: recipe for target 'cmTC_6f3ea' failed
make[1]: *** [cmTC_6f3ea] Error 1
make[1]: Leaving directory '/home/user/Documents/Cpp Assignment/Set1/Color/CMakeFiles/CMakeTmp'
Makefile:126: recipe for target 'cmTC_6f3ea/fast' failed
make: *** [cmTC_6f3ea/fast] Error 2

File /home/user/Documents/Cpp Assignment/Set1/Color/CMakeFiles/CMakeTmp/CheckSymbolExists.c:
/* */
#include <pthread.h>

int main(int argc, char** argv)
{
  (void)argv;
#ifndef pthread_create
  return ((int*)(&pthread_create))[argc];
#else
  (void)argc;
  return 0;
#endif
}

Determining if the function pthread_create exists in the pthreads failed with the following output:
Change Dir: /home/user/Documents/Cpp Assignment/Set1/Color/CMakeFiles/CMakeTmp

Run Build Command:"/usr/bin/make" "cmTC_54e7b/fast"
/usr/bin/make -f CMakeFiles/cmTC_54e7b.dir/build.make CMakeFiles/cmTC_54e7b.dir/build
make[1]: Entering directory '/home/user/Documents/Cpp Assignment/Set1/Color/CMakeFiles/CMakeTmp'
Building C object CMakeFiles/cmTC_54e7b.dir/CheckFunctionExists.c.o
/usr/bin/cc   -DCHECK_FUNCTION_EXISTS=pthread_create   -o CMakeFiles/cmTC_54e7b.dir/CheckFunctionExists.c.o   -c /usr/share/cmake-3.10/Modules/CheckFunctionExists.c
Linking C executable cmTC_54e7b
/usr/bin/cmake -E cmake_link_script CMakeFiles/cmTC_54e7b.dir/link.txt --verbose=1
/usr/bin/cc  -DCHECK_FUNCTION_EXISTS=pthread_create    -rdynamic CMakeFiles/cmTC_54e7b.dir/CheckFunctionExists.c.o  -o cmTC_54e7b -lpthreads 
/usr/bin/ld: cannot find -lpthreads
collect2: error: ld returned 1 exit status
CMakeFiles/cmTC_54e7b.dir/build.make:97: recipe for target 'cmTC_54e7b' failed
make[1]: *** [cmTC_54e7b] Error 1
make[1]: Leaving directory '/home/user/Documents/Cpp Assignment/Set1/Color/CMakeFiles/CMakeTmp'
Makefile:126: recipe for target 'cmTC_54e7b/fast' failed
make: *** [cmTC_54e7b/fast] Error 2


